<?xml version="1.0" encoding="UTF-8"?>
<!-- Generated by org.testng.reporters.JUnitReportReporter -->
<testsuite hostname="LAPTOP-SFCRMBPM" failures="0" tests="1" name="com.QSTestNG.Busqueda" time="10.682" errors="0" timestamp="2021-10-29T11:27:15 CLST" skipped="0">
  <testcase classname="com.QSTestNG.Busqueda" name="Busqueda" time="10.682"/>
  <system-out/>
</testsuite> <!-- com.QSTestNG.Busqueda -->
