<?xml version="1.0" encoding="UTF-8"?>
<!-- Generated by org.testng.reporters.JUnitReportReporter -->
<testsuite hostname="LAPTOP-SFCRMBPM" failures="0" tests="1" name="com.QSTestNG.CargaHome" time="0.292" errors="0" timestamp="2021-10-29T11:27:15 CLST" skipped="0">
  <testcase classname="com.QSTestNG.CargaHome" name="cargaHome" time="0.292"/>
  <system-out/>
</testsuite> <!-- com.QSTestNG.CargaHome -->
