<?xml version="1.0" encoding="UTF-8"?>
<!-- Generated by org.testng.reporters.JUnitReportReporter -->
<testsuite hostname="LAPTOP-SFCRMBPM" failures="0" tests="1" name="ReportListener.ExtentReportListener" time="0.660" errors="0" timestamp="2021-09-20T00:23:43 CLST" skipped="0">
  <testcase classname="ReportListener.ExtentReportListener" name="extentTest" time="0.660"/>
  <system-out/>
</testsuite> <!-- ReportListener.ExtentReportListener -->
