<?xml version="1.0" encoding="UTF-8"?>
<!-- Generated by org.testng.reporters.JUnitReportReporter -->
<testsuite hostname="LAPTOP-SFCRMBPM" failures="0" tests="1" name="com.Copec.CargaHome" time="0.573" errors="0" timestamp="2021-10-30T21:22:49 CLST" skipped="0">
  <testcase classname="com.Copec.CargaHome" name="cargaHome" time="0.573"/>
  <system-out/>
</testsuite> <!-- com.Copec.CargaHome -->
