<?xml version="1.0" encoding="UTF-8"?>
<!-- Generated by org.testng.reporters.JUnitReportReporter -->
<testsuite hostname="LAPTOP-SFCRMBPM" failures="0" tests="1" name="com.QSTestNG.TestNGExample" time="5.773" errors="0" timestamp="2021-09-08T15:53:17 CLST" skipped="0">
  <testcase classname="com.QSTestNG.TestNGExample" name="search_Blouses" time="5.773"/>
  <system-out/>
</testsuite> <!-- com.QSTestNG.TestNGExample -->
