<?xml version="1.0" encoding="UTF-8"?>
<!-- Generated by org.testng.reporters.JUnitReportReporter -->
<testsuite hostname="LAPTOP-SFCRMBPM" failures="0" tests="1" name="com.QSTestNG.SeleccionArticulo" time="18.115" errors="0" timestamp="2021-10-29T11:27:15 CLST" skipped="0">
  <testcase classname="com.QSTestNG.SeleccionArticulo" name="agregaArticulo" time="18.115"/>
  <system-out/>
</testsuite> <!-- com.QSTestNG.SeleccionArticulo -->
