<?xml version="1.0" encoding="UTF-8"?>
<!-- Generated by org.testng.reporters.JUnitReportReporter -->
<testsuite hostname="LAPTOP-SFCRMBPM" failures="0" tests="1" name="com.Copec.Login" time="7.079" errors="0" timestamp="2021-10-30T21:22:49 CLST" skipped="0">
  <testcase classname="com.Copec.Login" name="Login" time="7.079"/>
  <system-out/>
</testsuite> <!-- com.Copec.Login -->
