<?xml version="1.0" encoding="UTF-8"?>
<!-- Generated by org.testng.reporters.JUnitReportReporter -->
<testsuite hostname="LAPTOP-SFCRMBPM" failures="0" tests="1" name="com.QSTestNG.AgregaCarrito" time="13.233" errors="0" timestamp="2021-10-29T11:27:15 CLST" skipped="0">
  <testcase classname="com.QSTestNG.AgregaCarrito" name="continuarCompra" time="13.233"/>
  <system-out/>
</testsuite> <!-- com.QSTestNG.AgregaCarrito -->
